--------------- Clean Started: 06/01/2018 13:37:40 Project: alpaca-bms, Configuration: ARM GCC 5.4-2016-q2-update Debug ---------------
Deleting file ".\CortexM3\ARM_GCC_541\Debug\WDT.o"
Deleting file ".\CortexM3\ARM_GCC_541\Debug\main.o"
Deleting file ".\CortexM3\ARM_GCC_541\Debug\cell_interface.o"
Deleting file ".\CortexM3\ARM_GCC_541\Debug\current_sense.o"
Deleting file ".\CortexM3\ARM_GCC_541\Debug\can_manager.o"
Deleting file ".\CortexM3\ARM_GCC_541\Debug\CAN_toolbox.o"
Deleting file ".\CortexM3\ARM_GCC_541\Debug\uart-terminal.o"
Deleting file ".\CortexM3\ARM_GCC_541\Debug\BMS_monitor.o"
Deleting file ".\CortexM3\ARM_GCC_541\Debug\LTC68042.o"
Deleting file ".\CortexM3\ARM_GCC_541\Debug\cyfitter_cfg.o"
Deleting file ".\CortexM3\ARM_GCC_541\Debug\cymetadata.o"
Deleting file ".\CortexM3\ARM_GCC_541\Debug\Cm3Start.o"
Deleting file ".\CortexM3\ARM_GCC_541\Debug\CyBootAsmGnu.o"
Deleting file ".\CortexM3\ARM_GCC_541\Debug\CyDmac.o"
Deleting file ".\CortexM3\ARM_GCC_541\Debug\CyFlash.o"
Deleting file ".\CortexM3\ARM_GCC_541\Debug\CyLib.o"
Deleting file ".\CortexM3\ARM_GCC_541\Debug\cyPm.o"
Deleting file ".\CortexM3\ARM_GCC_541\Debug\CySpc.o"
Deleting file ".\CortexM3\ARM_GCC_541\Debug\cyutils.o"
Deleting file ".\CortexM3\ARM_GCC_541\Debug\Rx_1.o"
Deleting file ".\CortexM3\ARM_GCC_541\Debug\Tx_1.o"
Deleting file ".\CortexM3\ARM_GCC_541\Debug\CAN_1.o"
Deleting file ".\CortexM3\ARM_GCC_541\Debug\CAN_1_INT.o"
Deleting file ".\CortexM3\ARM_GCC_541\Debug\CAN_1_PM.o"
Deleting file ".\CortexM3\ARM_GCC_541\Debug\CAN_1_TX_RX_func.o"
Deleting file ".\CortexM3\ARM_GCC_541\Debug\MOSI.o"
Deleting file ".\CortexM3\ARM_GCC_541\Debug\SCLK.o"
Deleting file ".\CortexM3\ARM_GCC_541\Debug\MISO.o"
Deleting file ".\CortexM3\ARM_GCC_541\Debug\LTC68.o"
Deleting file ".\CortexM3\ARM_GCC_541\Debug\LTC68_PM.o"
Deleting file ".\CortexM3\ARM_GCC_541\Debug\LTC68_INT.o"
Deleting file ".\CortexM3\ARM_GCC_541\Debug\SS.o"
Deleting file ".\CortexM3\ARM_GCC_541\Debug\LTC68_IntClock.o"
Deleting file ".\CortexM3\ARM_GCC_541\Debug\timer_clock.o"
Deleting file ".\CortexM3\ARM_GCC_541\Debug\current.o"
Deleting file ".\CortexM3\ARM_GCC_541\Debug\ADC_current.o"
Deleting file ".\CortexM3\ARM_GCC_541\Debug\ADC_current_PM.o"
Deleting file ".\CortexM3\ARM_GCC_541\Debug\ADC_current_INT.o"
Deleting file ".\CortexM3\ARM_GCC_541\Debug\ADC_current_AMux.o"
Deleting file ".\CortexM3\ARM_GCC_541\Debug\ADC_current_Ext_CP_Clk.o"
Deleting file ".\CortexM3\ARM_GCC_541\Debug\ADC_current_IRQ.o"
Deleting file ".\CortexM3\ARM_GCC_541\Debug\ADC_current_theACLK.o"
Deleting file ".\CortexM3\ARM_GCC_541\Debug\current_timer.o"
Deleting file ".\CortexM3\ARM_GCC_541\Debug\current_timer_PM.o"
Deleting file ".\CortexM3\ARM_GCC_541\Debug\OK_SIG.o"
Deleting file ".\CortexM3\ARM_GCC_541\Debug\WDT_timer.o"
Deleting file ".\CortexM3\ARM_GCC_541\Debug\WDT_timer_PM.o"
Deleting file ".\CortexM3\ARM_GCC_541\Debug\WDT_timer_clock.o"
Deleting file ".\CortexM3\ARM_GCC_541\Debug\WDT_ISR.o"
Deleting file ".\CortexM3\ARM_GCC_541\Debug\timer_clock_1.o"
Deleting file ".\CortexM3\ARM_GCC_541\Debug\USBUART.o"
Deleting file ".\CortexM3\ARM_GCC_541\Debug\USBUART_audio.o"
Deleting file ".\CortexM3\ARM_GCC_541\Debug\USBUART_boot.o"
Deleting file ".\CortexM3\ARM_GCC_541\Debug\USBUART_cdc.o"
Deleting file ".\CortexM3\ARM_GCC_541\Debug\USBUART_cls.o"
Deleting file ".\CortexM3\ARM_GCC_541\Debug\USBUART_descr.o"
Deleting file ".\CortexM3\ARM_GCC_541\Debug\USBUART_drv.o"
Deleting file ".\CortexM3\ARM_GCC_541\Debug\USBUART_episr.o"
Deleting file ".\CortexM3\ARM_GCC_541\Debug\USBUART_hid.o"
Deleting file ".\CortexM3\ARM_GCC_541\Debug\USBUART_pm.o"
Deleting file ".\CortexM3\ARM_GCC_541\Debug\USBUART_std.o"
Deleting file ".\CortexM3\ARM_GCC_541\Debug\USBUART_vnd.o"
Deleting file ".\CortexM3\ARM_GCC_541\Debug\USBUART_midi.o"
Deleting file ".\CortexM3\ARM_GCC_541\Debug\USBUART_msc.o"
Deleting file ".\CortexM3\ARM_GCC_541\Debug\USBUART_Dm.o"
Deleting file ".\CortexM3\ARM_GCC_541\Debug\USBUART_Dp.o"
Deleting file ".\CortexM3\ARM_GCC_541\Debug\current_update_ISR.o"
Deleting file ".\CortexM3\ARM_GCC_541\Debug\current_supply.o"
Deleting file ".\CortexM3\ARM_GCC_541\Debug\MUX_current.o"
Deleting file ".\CortexM3\ARM_GCC_541\Debug\SOC_Store.o"
Deleting file ".\CortexM3\ARM_GCC_541\Debug\SOC_Timer.o"
Deleting file ".\CortexM3\ARM_GCC_541\Debug\SOC_Timer_PM.o"
Deleting file ".\CortexM3\ARM_GCC_541\Debug\cy_em_eeprom.o"
Deleting file ".\CortexM3\ARM_GCC_541\Debug\CS.o"
Deleting file ".\CortexM3\ARM_GCC_541\Debug\SS_1.o"
Deleting file ".\CortexM3\ARM_GCC_541\Debug\Select6820.o"
Deleting file ".\CortexM3\ARM_GCC_541\Debug\Select6820_PM.o"
Deleting file ".\CortexM3\ARM_GCC_541\Debug\alpaca-bms.hex"
Deleting file ".\CortexM3\ARM_GCC_541\Debug\alpaca-bms.elf"
Deleting file ".\CortexM3\ARM_GCC_541\Debug\alpaca-bms.map"
Deleting file ".\alpaca-bms.cycdx"
Deleting file ".\alpaca-bms.svd"
Deleting file ".\alpaca-bms.rpt"
Deleting file ".\alpaca-bms_timing.html"
Deleting file ".\CortexM3\ARM_GCC_541\Debug\.deps\SOURCE_C__ARM_GCC_GENERIC.P"
Deleting file ".\CortexM3\ARM_GCC_541\Debug\.deps\SOURCE_ASM__ARM_GCC_GENERIC.P"
--------------- Clean Succeeded: 06/01/2018 13:37:40 ---------------
