--------------- Build Started: 05/24/2018 01:00:46 Project: alpaca-bms, Configuration: ARM GCC 5.4-2016-q2-update Debug ---------------
cydsfit.exe -.appdatapath "C:\Users\Brandon Collins\AppData\Local\Cypress Semiconductor\PSoC Creator\4.2" -.fdsnotice -.fdswarpdepfile=warp_dependencies.txt -.fdselabdepfile=elab_dependencies.txt -.fdsbldfile=generated_files.txt -.fdsreffile=referenced_files.txt -p "C:\Users\Brandon Collins\Desktop\Sky\FE3_BMS\alpaca-bms\alpaca-bms.cydsn\alpaca-bms.cyprj" -d CY8C5868AXI-LP035 -s "C:\Users\Brandon Collins\Desktop\Sky\FE3_BMS\alpaca-bms\alpaca-bms.cydsn\Generated_Source\PSoC5" -- -yv2 -q10 -ygs -o2 -v3 -.fftcfgtype=LE
Elaborating Design...
HDL Generation...
Synthesis...
Tech Mapping...
ADD: pft.M0040: information: The following 6 pin(s) will be assigned a location by the fitter: \USBUART:Dm(0)\, \USBUART:Dp(0)\, CS(0), current(0), current_supply(0), Tx_1(0)
Analog Placement...
Info: apr.M0002: Analog signal "\ADC_current:Net_35\" is connected to one terminal only. (App=cydsfit)
Log: apr.M0058: The analog placement iterative improvement is 38% done. (App=cydsfit)
Log: apr.M0058: The analog placement iterative improvement is 94% done. (App=cydsfit)
Analog Routing...
Analog Code Generation...
Digital Placement...
Digital Routing...
Bitstream Generation...
Bitstream Verification...
Static timing analysis...
API Generation...
Dependency Generation...
Cleanup...
--------------- Build Succeeded: 05/24/2018 01:01:02 ---------------
